---------------------------------------------------------------
[ 2019-05-22T18:41:29+08:00 ] 127.0.0.1 GET lyc.com/static/h5/js/maps/swiper.min.js.map
[运行时间：0.101006s] [吞吐率：9.90req/s] [内存消耗：1,357.69kb] [文件加载：44]
[ info ] [ LANG ] D:\lyknew2\thinkphp\lang\zh-cn.php
[ info ] [ ROUTE ] array (
  'type' => 'module',
  'module' => 
  array (
    0 => 'static',
    1 => 'h5',
    2 => 'js',
  ),
)
[ info ] [ HEADER ] array (
  'cookie' => 'PHPSESSID=8c89bqqnbbn1h9il8cksep9674',
  'accept-language' => 'zh-CN,zh;q=0.9,en;q=0.8',
  'accept-encoding' => 'gzip, deflate',
  'user-agent' => 'Mozilla/5.0 (Linux; Android 6.0; Nexus 5 Build/MRA58N) AppleWebKit/537.36 (KHTML, like Gecko) Chrome/71.0.3578.98 Mobile Safari/537.36',
  'connection' => 'keep-alive',
  'host' => 'lyc.com',
  'content-length' => '',
  'content-type' => '',
)
[ info ] [ PARAM ] array (
  'maps' => 'swiper.min.js.map',
)
[ info ] [ LOG ] INIT File
---------------------------------------------------------------
[ 2019-05-22T18:41:30+08:00 ] 127.0.0.1 GET lyc.com/h5/index/index.html
[运行时间：0.935053s] [吞吐率：1.07req/s] [内存消耗：3,292.14kb] [文件加载：72]
[ info ] [ LANG ] D:\lyknew2\thinkphp\lang\zh-cn.php
[ info ] [ ROUTE ] array (
  'type' => 'module',
  'module' => 
  array (
    0 => 'h5',
    1 => 'index',
    2 => 'index',
  ),
)
[ info ] [ HEADER ] array (
  'cookie' => 'PHPSESSID=8c89bqqnbbn1h9il8cksep9674',
  'accept-language' => 'zh-CN,zh;q=0.9,en;q=0.8',
  'accept-encoding' => 'gzip, deflate',
  'referer' => 'http://lyc.com/h5/user/index.html',
  'accept' => 'text/html,application/xhtml+xml,application/xml;q=0.9,image/webp,image/apng,*/*;q=0.8',
  'user-agent' => 'Mozilla/5.0 (Linux; Android 6.0; Nexus 5 Build/MRA58N) AppleWebKit/537.36 (KHTML, like Gecko) Chrome/71.0.3578.98 Mobile Safari/537.36',
  'upgrade-insecure-requests' => '1',
  'connection' => 'keep-alive',
  'host' => 'lyc.com',
  'content-length' => '',
  'content-type' => '',
)
[ info ] [ PARAM ] array (
)
[ info ] [ SESSION ] INIT array (
  'id' => '',
  'var_session_id' => '',
  'prefix' => 'think',
  'type' => '',
  'auto_start' => true,
)
[ info ] [ DB ] INIT mysql
[ info ] [ RUN ] app\h5\controller\Index->index[ D:\lyknew2\application\h5\controller\Index.php ]
[ info ] [ VIEW ] D:\lyknew2\public/../application/h5\view\index\index.html [ array (
  0 => 'banner',
  1 => 'SpecialList',
) ]
[ info ] [ LOG ] INIT File
[ sql ] [ DB ] CONNECT:[ UseTime:0.081004s ] mysql:host=114.55.167.187;dbname=lv_wyc168_com;charset=utf8
[ sql ] [ SQL ] SHOW COLUMNS FROM `wyc_member` [ RunTime:0.056004s ]
[ sql ] [ SQL ] SELECT * FROM `wyc_member` WHERE  `id` = 1 LIMIT 1 [ RunTime:0.063003s ]
[ sql ] [ SQL ] SHOW COLUMNS FROM `wyc_banner` [ RunTime:0.058003s ]
[ sql ] [ SQL ] SELECT `image_path` FROM `wyc_banner` WHERE  `status` = 1 [ RunTime:0.060004s ]
[ sql ] [ SQL ] SHOW COLUMNS FROM `wyc_special` [ RunTime:0.057004s ]
[ sql ] [ SQL ] SELECT COUNT(*) AS tp_count FROM `wyc_special` WHERE  `status` = 1  AND `s_time` < 1558521690  AND `e_time` > 1558521690 LIMIT 1 [ RunTime:0.057003s ]
[ sql ] [ SQL ] SELECT `sc_id`,`id`,`s_time`,`e_time`,`heat`,`arrange` FROM `wyc_special` WHERE  `status` = 1  AND `s_time` < 1558521690  AND `e_time` > 1558521690 ORDER BY `sort` DESC LIMIT 0,4 [ RunTime:0.056004s ]
[ sql ] [ SQL ] SHOW COLUMNS FROM `wyc_scenic` [ RunTime:0.059003s ]
[ sql ] [ SQL ] SELECT * FROM `wyc_scenic` WHERE  `id` = 11 LIMIT 1 [ RunTime:0.100005s ]
[ sql ] [ SQL ] SELECT * FROM `wyc_scenic` WHERE  `id` = 10 LIMIT 1 [ RunTime:0.109006s ]
---------------------------------------------------------------
[ 2019-05-22T18:41:31+08:00 ] 127.0.0.1 GET lyc.com/static/h5/js/maps/swiper.min.js.map
[运行时间：0.067004s] [吞吐率：14.92req/s] [内存消耗：1,357.73kb] [文件加载：44]
[ info ] [ LANG ] D:\lyknew2\thinkphp\lang\zh-cn.php
[ info ] [ ROUTE ] array (
  'type' => 'module',
  'module' => 
  array (
    0 => 'static',
    1 => 'h5',
    2 => 'js',
  ),
)
[ info ] [ HEADER ] array (
  'cookie' => 'PHPSESSID=8c89bqqnbbn1h9il8cksep9674',
  'accept-language' => 'zh-CN,zh;q=0.9,en;q=0.8',
  'accept-encoding' => 'gzip, deflate',
  'user-agent' => 'Mozilla/5.0 (Linux; Android 6.0; Nexus 5 Build/MRA58N) AppleWebKit/537.36 (KHTML, like Gecko) Chrome/71.0.3578.98 Mobile Safari/537.36',
  'connection' => 'keep-alive',
  'host' => 'lyc.com',
  'content-length' => '',
  'content-type' => '',
)
[ info ] [ PARAM ] array (
  'maps' => 'swiper.min.js.map',
)
[ info ] [ LOG ] INIT File
---------------------------------------------------------------
[ 2019-05-22T18:41:35+08:00 ] 127.0.0.1 GET lyc.com/h5/index/index.html
[运行时间：1.107064s] [吞吐率：0.90req/s] [内存消耗：3,292.48kb] [文件加载：72]
[ info ] [ LANG ] D:\lyknew2\thinkphp\lang\zh-cn.php
[ info ] [ ROUTE ] array (
  'type' => 'module',
  'module' => 
  array (
    0 => 'h5',
    1 => 'index',
    2 => 'index',
  ),
)
[ info ] [ HEADER ] array (
  'cookie' => 'PHPSESSID=8c89bqqnbbn1h9il8cksep9674',
  'accept-language' => 'zh-CN,zh;q=0.9,en;q=0.8',
  'accept-encoding' => 'gzip, deflate',
  'referer' => 'http://lyc.com/h5/index/index.html',
  'accept' => 'text/html,application/xhtml+xml,application/xml;q=0.9,image/webp,image/apng,*/*;q=0.8',
  'user-agent' => 'Mozilla/5.0 (Linux; Android 6.0; Nexus 5 Build/MRA58N) AppleWebKit/537.36 (KHTML, like Gecko) Chrome/71.0.3578.98 Mobile Safari/537.36',
  'upgrade-insecure-requests' => '1',
  'cache-control' => 'max-age=0',
  'connection' => 'keep-alive',
  'host' => 'lyc.com',
  'content-length' => '',
  'content-type' => '',
)
[ info ] [ PARAM ] array (
)
[ info ] [ SESSION ] INIT array (
  'id' => '',
  'var_session_id' => '',
  'prefix' => 'think',
  'type' => '',
  'auto_start' => true,
)
[ info ] [ DB ] INIT mysql
[ info ] [ RUN ] app\h5\controller\Index->index[ D:\lyknew2\application\h5\controller\Index.php ]
[ info ] [ VIEW ] D:\lyknew2\public/../application/h5\view\index\index.html [ array (
  0 => 'banner',
  1 => 'SpecialList',
) ]
[ info ] [ LOG ] INIT File
[ sql ] [ DB ] CONNECT:[ UseTime:0.152009s ] mysql:host=114.55.167.187;dbname=lv_wyc168_com;charset=utf8
[ sql ] [ SQL ] SHOW COLUMNS FROM `wyc_member` [ RunTime:0.062003s ]
[ sql ] [ SQL ] SELECT * FROM `wyc_member` WHERE  `id` = 1 LIMIT 1 [ RunTime:0.112006s ]
[ sql ] [ SQL ] SHOW COLUMNS FROM `wyc_banner` [ RunTime:0.062004s ]
[ sql ] [ SQL ] SELECT `image_path` FROM `wyc_banner` WHERE  `status` = 1 [ RunTime:0.092005s ]
[ sql ] [ SQL ] SHOW COLUMNS FROM `wyc_special` [ RunTime:0.063004s ]
[ sql ] [ SQL ] SELECT COUNT(*) AS tp_count FROM `wyc_special` WHERE  `status` = 1  AND `s_time` < 1558521694  AND `e_time` > 1558521694 LIMIT 1 [ RunTime:0.064003s ]
[ sql ] [ SQL ] SELECT `sc_id`,`id`,`s_time`,`e_time`,`heat`,`arrange` FROM `wyc_special` WHERE  `status` = 1  AND `s_time` < 1558521694  AND `e_time` > 1558521694 ORDER BY `sort` DESC LIMIT 0,4 [ RunTime:0.074005s ]
[ sql ] [ SQL ] SHOW COLUMNS FROM `wyc_scenic` [ RunTime:0.063004s ]
[ sql ] [ SQL ] SELECT * FROM `wyc_scenic` WHERE  `id` = 11 LIMIT 1 [ RunTime:0.098006s ]
[ sql ] [ SQL ] SELECT * FROM `wyc_scenic` WHERE  `id` = 10 LIMIT 1 [ RunTime:0.120007s ]
---------------------------------------------------------------
[ 2019-05-22T18:41:35+08:00 ] 127.0.0.1 GET lyc.com/static/h5/js/maps/swiper.min.js.map
[运行时间：0.071004s] [吞吐率：14.08req/s] [内存消耗：1,357.73kb] [文件加载：44]
[ info ] [ LANG ] D:\lyknew2\thinkphp\lang\zh-cn.php
[ info ] [ ROUTE ] array (
  'type' => 'module',
  'module' => 
  array (
    0 => 'static',
    1 => 'h5',
    2 => 'js',
  ),
)
[ info ] [ HEADER ] array (
  'cookie' => 'PHPSESSID=8c89bqqnbbn1h9il8cksep9674',
  'accept-language' => 'zh-CN,zh;q=0.9,en;q=0.8',
  'accept-encoding' => 'gzip, deflate',
  'user-agent' => 'Mozilla/5.0 (Linux; Android 6.0; Nexus 5 Build/MRA58N) AppleWebKit/537.36 (KHTML, like Gecko) Chrome/71.0.3578.98 Mobile Safari/537.36',
  'connection' => 'keep-alive',
  'host' => 'lyc.com',
  'content-length' => '',
  'content-type' => '',
)
[ info ] [ PARAM ] array (
  'maps' => 'swiper.min.js.map',
)
[ info ] [ LOG ] INIT File
---------------------------------------------------------------
[ 2019-05-22T18:41:55+08:00 ] 127.0.0.1 GET lyc.com/h5/index/index.html
[运行时间：0.082005s] [吞吐率：12.19req/s] [内存消耗：1,612.34kb] [文件加载：49]
[ info ] [ LANG ] D:\lyknew2\thinkphp\lang\zh-cn.php
[ info ] [ ROUTE ] array (
  'type' => 'module',
  'module' => 
  array (
    0 => 'h5',
    1 => 'index',
    2 => 'index',
  ),
)
[ info ] [ HEADER ] array (
  'cookie' => 'PHPSESSID=8c89bqqnbbn1h9il8cksep9674',
  'accept-language' => 'zh-CN,zh;q=0.9,en;q=0.8',
  'accept-encoding' => 'gzip, deflate',
  'referer' => 'http://lyc.com/h5/index/index.html',
  'accept' => 'text/html,application/xhtml+xml,application/xml;q=0.9,image/webp,image/apng,*/*;q=0.8',
  'user-agent' => 'Mozilla/5.0 (Linux; Android 6.0; Nexus 5 Build/MRA58N) AppleWebKit/537.36 (KHTML, like Gecko) Chrome/71.0.3578.98 Mobile Safari/537.36',
  'upgrade-insecure-requests' => '1',
  'cache-control' => 'max-age=0',
  'connection' => 'keep-alive',
  'host' => 'lyc.com',
  'content-length' => '',
  'content-type' => '',
)
[ info ] [ PARAM ] array (
)
[ info ] [ SESSION ] INIT array (
  'id' => '',
  'var_session_id' => '',
  'prefix' => 'think',
  'type' => '',
  'auto_start' => true,
)
[ info ] [ LOG ] INIT File
---------------------------------------------------------------
[ 2019-05-22T18:42:11+08:00 ] 127.0.0.1 GET lyc.com/h5/index/index.html
[运行时间：1.007057s] [吞吐率：0.99req/s] [内存消耗：3,292.36kb] [文件加载：72]
[ info ] [ LANG ] D:\lyknew2\thinkphp\lang\zh-cn.php
[ info ] [ ROUTE ] array (
  'type' => 'module',
  'module' => 
  array (
    0 => 'h5',
    1 => 'index',
    2 => 'index',
  ),
)
[ info ] [ HEADER ] array (
  'cookie' => 'PHPSESSID=8c89bqqnbbn1h9il8cksep9674',
  'accept-language' => 'zh-CN,zh;q=0.9,en;q=0.8',
  'accept-encoding' => 'gzip, deflate',
  'referer' => 'http://lyc.com/h5/index/index.html',
  'accept' => 'text/html,application/xhtml+xml,application/xml;q=0.9,image/webp,image/apng,*/*;q=0.8',
  'user-agent' => 'Mozilla/5.0 (Windows NT 6.1; WOW64) AppleWebKit/537.36 (KHTML, like Gecko) Chrome/71.0.3578.98 Safari/537.36',
  'upgrade-insecure-requests' => '1',
  'cache-control' => 'max-age=0',
  'connection' => 'keep-alive',
  'host' => 'lyc.com',
  'content-length' => '',
  'content-type' => '',
)
[ info ] [ PARAM ] array (
)
[ info ] [ SESSION ] INIT array (
  'id' => '',
  'var_session_id' => '',
  'prefix' => 'think',
  'type' => '',
  'auto_start' => true,
)
[ info ] [ DB ] INIT mysql
[ info ] [ RUN ] app\h5\controller\Index->index[ D:\lyknew2\application\h5\controller\Index.php ]
[ info ] [ VIEW ] D:\lyknew2\public/../application/h5\view\index\index.html [ array (
  0 => 'banner',
  1 => 'SpecialList',
) ]
[ info ] [ LOG ] INIT File
[ sql ] [ DB ] CONNECT:[ UseTime:0.096006s ] mysql:host=114.55.167.187;dbname=lv_wyc168_com;charset=utf8
[ sql ] [ SQL ] SHOW COLUMNS FROM `wyc_member` [ RunTime:0.055003s ]
[ sql ] [ SQL ] SELECT * FROM `wyc_member` WHERE  `id` = 1 LIMIT 1 [ RunTime:0.056003s ]
[ sql ] [ SQL ] SHOW COLUMNS FROM `wyc_banner` [ RunTime:0.064004s ]
[ sql ] [ SQL ] SELECT `image_path` FROM `wyc_banner` WHERE  `status` = 1 [ RunTime:0.064004s ]
[ sql ] [ SQL ] SHOW COLUMNS FROM `wyc_special` [ RunTime:0.056003s ]
[ sql ] [ SQL ] SELECT COUNT(*) AS tp_count FROM `wyc_special` WHERE  `status` = 1  AND `s_time` < 1558521730  AND `e_time` > 1558521730 LIMIT 1 [ RunTime:0.082005s ]
[ sql ] [ SQL ] SELECT `sc_id`,`id`,`s_time`,`e_time`,`heat`,`arrange` FROM `wyc_special` WHERE  `status` = 1  AND `s_time` < 1558521730  AND `e_time` > 1558521730 ORDER BY `sort` DESC LIMIT 0,4 [ RunTime:0.058004s ]
[ sql ] [ SQL ] SHOW COLUMNS FROM `wyc_scenic` [ RunTime:0.062004s ]
[ sql ] [ SQL ] SELECT * FROM `wyc_scenic` WHERE  `id` = 11 LIMIT 1 [ RunTime:0.134008s ]
[ sql ] [ SQL ] SELECT * FROM `wyc_scenic` WHERE  `id` = 10 LIMIT 1 [ RunTime:0.135007s ]
---------------------------------------------------------------
[ 2019-05-22T18:42:11+08:00 ] 127.0.0.1 GET lyc.com/static/h5/js/maps/swiper.min.js.map
[运行时间：0.114007s] [吞吐率：8.77req/s] [内存消耗：1,357.58kb] [文件加载：44]
[ info ] [ LANG ] D:\lyknew2\thinkphp\lang\zh-cn.php
[ info ] [ ROUTE ] array (
  'type' => 'module',
  'module' => 
  array (
    0 => 'static',
    1 => 'h5',
    2 => 'js',
  ),
)
[ info ] [ HEADER ] array (
  'cookie' => 'PHPSESSID=8c89bqqnbbn1h9il8cksep9674',
  'accept-language' => 'zh-CN,zh;q=0.9,en;q=0.8',
  'accept-encoding' => 'gzip, deflate',
  'user-agent' => 'Mozilla/5.0 (Windows NT 6.1; WOW64) AppleWebKit/537.36 (KHTML, like Gecko) Chrome/71.0.3578.98 Safari/537.36',
  'connection' => 'keep-alive',
  'host' => 'lyc.com',
  'content-length' => '',
  'content-type' => '',
)
[ info ] [ PARAM ] array (
  'maps' => 'swiper.min.js.map',
)
[ info ] [ LOG ] INIT File
---------------------------------------------------------------
[ 2019-05-22T18:42:23+08:00 ] 127.0.0.1 GET lyc.com/static/h5/js/maps/swiper.min.js.map
[运行时间：0.088005s] [吞吐率：11.36req/s] [内存消耗：1,357.58kb] [文件加载：44]
[ info ] [ LANG ] D:\lyknew2\thinkphp\lang\zh-cn.php
[ info ] [ ROUTE ] array (
  'type' => 'module',
  'module' => 
  array (
    0 => 'static',
    1 => 'h5',
    2 => 'js',
  ),
)
[ info ] [ HEADER ] array (
  'cookie' => 'PHPSESSID=8c89bqqnbbn1h9il8cksep9674',
  'accept-language' => 'zh-CN,zh;q=0.9,en;q=0.8',
  'accept-encoding' => 'gzip, deflate',
  'user-agent' => 'Mozilla/5.0 (Windows NT 6.1; WOW64) AppleWebKit/537.36 (KHTML, like Gecko) Chrome/71.0.3578.98 Safari/537.36',
  'connection' => 'keep-alive',
  'host' => 'lyc.com',
  'content-length' => '',
  'content-type' => '',
)
[ info ] [ PARAM ] array (
  'maps' => 'swiper.min.js.map',
)
[ info ] [ LOG ] INIT File
---------------------------------------------------------------
[ 2019-05-22T18:42:29+08:00 ] 127.0.0.1 GET lyc.com/h5/category/categorytypecontroller/cid/0/displayType/2.html
[运行时间：1.500086s] [吞吐率：0.67req/s] [内存消耗：3,332.70kb] [文件加载：73]
[ info ] [ LANG ] D:\lyknew2\thinkphp\lang\zh-cn.php
[ info ] [ ROUTE ] array (
  'type' => 'module',
  'module' => 
  array (
    0 => 'h5',
    1 => 'category',
    2 => 'categorytypecontroller',
  ),
)
[ info ] [ HEADER ] array (
  'cookie' => 'PHPSESSID=8c89bqqnbbn1h9il8cksep9674',
  'accept-language' => 'zh-CN,zh;q=0.9,en;q=0.8',
  'accept-encoding' => 'gzip, deflate',
  'referer' => 'http://lyc.com/h5/index/index.html',
  'accept' => 'text/html,application/xhtml+xml,application/xml;q=0.9,image/webp,image/apng,*/*;q=0.8',
  'user-agent' => 'Mozilla/5.0 (Linux; Android 6.0; Nexus 5 Build/MRA58N) AppleWebKit/537.36 (KHTML, like Gecko) Chrome/71.0.3578.98 Mobile Safari/537.36',
  'upgrade-insecure-requests' => '1',
  'connection' => 'keep-alive',
  'host' => 'lyc.com',
  'content-length' => '',
  'content-type' => '',
)
[ info ] [ PARAM ] array (
  'cid' => '0',
  'displayType' => '2',
)
[ info ] [ SESSION ] INIT array (
  'id' => '',
  'var_session_id' => '',
  'prefix' => 'think',
  'type' => '',
  'auto_start' => true,
)
[ info ] [ DB ] INIT mysql
[ info ] [ RUN ] app\h5\controller\Category->categoryTypeController[ D:\lyknew2\application\h5\controller\Category.php ]
[ info ] [ VIEW ] D:\lyknew2\public/../application/h5\view\category\destination_list.html [ array (
  0 => 'categorys',
  1 => 'journeys',
  2 => 'thisMonth',
  3 => 'month',
  4 => 'cid',
) ]
[ info ] [ LOG ] INIT File
[ sql ] [ DB ] CONNECT:[ UseTime:0.102005s ] mysql:host=114.55.167.187;dbname=lv_wyc168_com;charset=utf8
[ sql ] [ SQL ] SHOW COLUMNS FROM `wyc_member` [ RunTime:0.069004s ]
[ sql ] [ SQL ] SELECT * FROM `wyc_member` WHERE  `id` = 1 LIMIT 1 [ RunTime:0.075004s ]
[ sql ] [ SQL ] SHOW COLUMNS FROM `wyc_category` [ RunTime:0.069004s ]
[ sql ] [ SQL ] SELECT `id`,`title` FROM `wyc_category` WHERE  `cid` = 1  AND `status` = 1  AND `display_type` = 2 ORDER BY `sort` DESC [ RunTime:0.082004s ]
[ sql ] [ SQL ] SHOW COLUMNS FROM `wyc_journey` [ RunTime:0.069004s ]
[ sql ] [ SQL ] SELECT `id`,`sc_id` FROM `wyc_journey` WHERE  `year` = 2019  AND `status` = 1  AND `cid` = 7 ORDER BY `id` DESC [ RunTime:0.060003s ]
[ sql ] [ SQL ] SHOW COLUMNS FROM `wyc_scenic` [ RunTime:0.060004s ]
[ sql ] [ SQL ] SELECT `image_path`,`title`,`intro` FROM `wyc_scenic` WHERE  `id` = 70 LIMIT 1 [ RunTime:0.066004s ]
[ sql ] [ SQL ] SELECT `image_path`,`title`,`intro` FROM `wyc_scenic` WHERE  `id` = 24 LIMIT 1 [ RunTime:0.067004s ]
[ sql ] [ SQL ] SELECT `image_path`,`title`,`intro` FROM `wyc_scenic` WHERE  `id` = 22 LIMIT 1 [ RunTime:0.060003s ]
[ sql ] [ SQL ] SELECT `image_path`,`title`,`intro` FROM `wyc_scenic` WHERE  `id` = 20 LIMIT 1 [ RunTime:0.075004s ]
[ sql ] [ SQL ] SELECT `image_path`,`title`,`intro` FROM `wyc_scenic` WHERE  `id` = 15 LIMIT 1 [ RunTime:0.099006s ]
[ sql ] [ SQL ] SELECT `image_path`,`title`,`intro` FROM `wyc_scenic` WHERE  `id` = 14 LIMIT 1 [ RunTime:0.068004s ]
[ sql ] [ SQL ] SELECT `image_path`,`title`,`intro` FROM `wyc_scenic` WHERE  `id` = 13 LIMIT 1 [ RunTime:0.068004s ]
[ sql ] [ SQL ] SELECT `image_path`,`title`,`intro` FROM `wyc_scenic` WHERE  `id` = 12 LIMIT 1 [ RunTime:0.070004s ]
[ sql ] [ SQL ] SELECT `image_path`,`title`,`intro` FROM `wyc_scenic` WHERE  `id` = 11 LIMIT 1 [ RunTime:0.058003s ]
[ sql ] [ SQL ] SELECT `image_path`,`title`,`intro` FROM `wyc_scenic` WHERE  `id` = 10 LIMIT 1 [ RunTime:0.060004s ]
---------------------------------------------------------------
[ 2019-05-22T18:42:30+08:00 ] 127.0.0.1 GET lyc.com/static/h5/js/maps/swiper.min.js.map
[运行时间：0.077004s] [吞吐率：12.99req/s] [内存消耗：1,357.73kb] [文件加载：44]
[ info ] [ LANG ] D:\lyknew2\thinkphp\lang\zh-cn.php
[ info ] [ ROUTE ] array (
  'type' => 'module',
  'module' => 
  array (
    0 => 'static',
    1 => 'h5',
    2 => 'js',
  ),
)
[ info ] [ HEADER ] array (
  'cookie' => 'PHPSESSID=8c89bqqnbbn1h9il8cksep9674',
  'accept-language' => 'zh-CN,zh;q=0.9,en;q=0.8',
  'accept-encoding' => 'gzip, deflate',
  'user-agent' => 'Mozilla/5.0 (Linux; Android 6.0; Nexus 5 Build/MRA58N) AppleWebKit/537.36 (KHTML, like Gecko) Chrome/71.0.3578.98 Mobile Safari/537.36',
  'connection' => 'keep-alive',
  'host' => 'lyc.com',
  'content-length' => '',
  'content-type' => '',
)
[ info ] [ PARAM ] array (
  'maps' => 'swiper.min.js.map',
)
[ info ] [ LOG ] INIT File
---------------------------------------------------------------
[ 2019-05-22T18:42:34+08:00 ] 127.0.0.1 GET lyc.com/h5/index/index.html
[运行时间：1.252071s] [吞吐率：0.80req/s] [内存消耗：3,292.20kb] [文件加载：72]
[ info ] [ LANG ] D:\lyknew2\thinkphp\lang\zh-cn.php
[ info ] [ ROUTE ] array (
  'type' => 'module',
  'module' => 
  array (
    0 => 'h5',
    1 => 'index',
    2 => 'index',
  ),
)
[ info ] [ HEADER ] array (
  'cookie' => 'PHPSESSID=8c89bqqnbbn1h9il8cksep9674',
  'accept-language' => 'zh-CN,zh;q=0.9,en;q=0.8',
  'accept-encoding' => 'gzip, deflate',
  'referer' => 'http://lyc.com/h5/category/categorytypecontroller/cid/0/displayType/2.html',
  'accept' => 'text/html,application/xhtml+xml,application/xml;q=0.9,image/webp,image/apng,*/*;q=0.8',
  'user-agent' => 'Mozilla/5.0 (Linux; Android 6.0; Nexus 5 Build/MRA58N) AppleWebKit/537.36 (KHTML, like Gecko) Chrome/71.0.3578.98 Mobile Safari/537.36',
  'upgrade-insecure-requests' => '1',
  'connection' => 'keep-alive',
  'host' => 'lyc.com',
  'content-length' => '',
  'content-type' => '',
)
[ info ] [ PARAM ] array (
)
[ info ] [ SESSION ] INIT array (
  'id' => '',
  'var_session_id' => '',
  'prefix' => 'think',
  'type' => '',
  'auto_start' => true,
)
[ info ] [ DB ] INIT mysql
[ info ] [ RUN ] app\h5\controller\Index->index[ D:\lyknew2\application\h5\controller\Index.php ]
[ info ] [ VIEW ] D:\lyknew2\public/../application/h5\view\index\index.html [ array (
  0 => 'banner',
  1 => 'SpecialList',
) ]
[ info ] [ LOG ] INIT File
[ sql ] [ DB ] CONNECT:[ UseTime:0.121007s ] mysql:host=114.55.167.187;dbname=lv_wyc168_com;charset=utf8
[ sql ] [ SQL ] SHOW COLUMNS FROM `wyc_member` [ RunTime:0.113007s ]
[ sql ] [ SQL ] SELECT * FROM `wyc_member` WHERE  `id` = 1 LIMIT 1 [ RunTime:0.084005s ]
[ sql ] [ SQL ] SHOW COLUMNS FROM `wyc_banner` [ RunTime:0.079005s ]
[ sql ] [ SQL ] SELECT `image_path` FROM `wyc_banner` WHERE  `status` = 1 [ RunTime:0.077004s ]
[ sql ] [ SQL ] SHOW COLUMNS FROM `wyc_special` [ RunTime:0.079004s ]
[ sql ] [ SQL ] SELECT COUNT(*) AS tp_count FROM `wyc_special` WHERE  `status` = 1  AND `s_time` < 1558521753  AND `e_time` > 1558521753 LIMIT 1 [ RunTime:0.087005s ]
[ sql ] [ SQL ] SELECT `sc_id`,`id`,`s_time`,`e_time`,`heat`,`arrange` FROM `wyc_special` WHERE  `status` = 1  AND `s_time` < 1558521753  AND `e_time` > 1558521753 ORDER BY `sort` DESC LIMIT 0,4 [ RunTime:0.076004s ]
[ sql ] [ SQL ] SHOW COLUMNS FROM `wyc_scenic` [ RunTime:0.113007s ]
[ sql ] [ SQL ] SELECT * FROM `wyc_scenic` WHERE  `id` = 11 LIMIT 1 [ RunTime:0.154009s ]
[ sql ] [ SQL ] SELECT * FROM `wyc_scenic` WHERE  `id` = 10 LIMIT 1 [ RunTime:0.148009s ]
---------------------------------------------------------------
[ 2019-05-22T18:42:34+08:00 ] 127.0.0.1 GET lyc.com/static/h5/js/maps/swiper.min.js.map
[运行时间：0.088006s] [吞吐率：11.36req/s] [内存消耗：1,357.73kb] [文件加载：44]
[ info ] [ LANG ] D:\lyknew2\thinkphp\lang\zh-cn.php
[ info ] [ ROUTE ] array (
  'type' => 'module',
  'module' => 
  array (
    0 => 'static',
    1 => 'h5',
    2 => 'js',
  ),
)
[ info ] [ HEADER ] array (
  'cookie' => 'PHPSESSID=8c89bqqnbbn1h9il8cksep9674',
  'accept-language' => 'zh-CN,zh;q=0.9,en;q=0.8',
  'accept-encoding' => 'gzip, deflate',
  'user-agent' => 'Mozilla/5.0 (Linux; Android 6.0; Nexus 5 Build/MRA58N) AppleWebKit/537.36 (KHTML, like Gecko) Chrome/71.0.3578.98 Mobile Safari/537.36',
  'connection' => 'keep-alive',
  'host' => 'lyc.com',
  'content-length' => '',
  'content-type' => '',
)
[ info ] [ PARAM ] array (
  'maps' => 'swiper.min.js.map',
)
[ info ] [ LOG ] INIT File
